<?xml version="1.0" encoding="UTF-8"?>
<!-- Generated by org.testng.reporters.JUnitReportReporter -->
<testsuite hostname="DESKTOP-CF2460A" name="FirstTestNG.TestNGDemo_2" tests="3" failures="0" timestamp="22 Sep 2017 18:10:06 GMT" time="0.001" errors="0">
  <testcase name="san" time="0.001" classname="FirstTestNG.TestNGDemo_2"/>
  <testcase name="ni" time="0.000" classname="FirstTestNG.TestNGDemo_2"/>
  <testcase name="ichi" time="0.000" classname="FirstTestNG.TestNGDemo_2"/>
</testsuite> <!-- FirstTestNG.TestNGDemo_2 -->
