<?xml version="1.0" encoding="UTF-8"?>
<!-- Generated by org.testng.reporters.JUnitReportReporter -->
<testsuite hostname="DESKTOP-CF2460A" name="FirstTestNG.GroupTest" tests="2" failures="0" timestamp="22 Sep 2017 18:10:06 GMT" time="0.001" errors="0">
  <testcase name="firstgroup" time="0.001" classname="FirstTestNG.GroupTest"/>
  <testcase name="secondgroup" time="0.000" classname="FirstTestNG.GroupTest"/>
</testsuite> <!-- FirstTestNG.GroupTest -->
