<?xml version="1.0" encoding="UTF-8"?>
<!-- Generated by org.testng.reporters.JUnitReportReporter -->
<testsuite hostname="DESKTOP-CF2460A" name="FirstTestNG.TestNGDemo_2" tests="1" failures="0" timestamp="22 Sep 2017 17:25:06 GMT" time="0.000" errors="0">
  <testcase name="ni" time="0.000" classname="FirstTestNG.TestNGDemo_2"/>
</testsuite> <!-- FirstTestNG.TestNGDemo_2 -->
