<?xml version="1.0" encoding="UTF-8"?>
<!-- Generated by org.testng.reporters.JUnitReportReporter -->
<testsuite hostname="DESKTOP-CF2460A" name="FirstTestNG.TestNGDemo_1" tests="2" failures="0" timestamp="22 Sep 2017 17:25:06 GMT" time="0.000" errors="0">
  <testcase name="secondtest" time="0.000" classname="FirstTestNG.TestNGDemo_1"/>
  <testcase name="firsttest" time="0.000" classname="FirstTestNG.TestNGDemo_1"/>
</testsuite> <!-- FirstTestNG.TestNGDemo_1 -->
