<?xml version="1.0" encoding="UTF-8"?>
<!-- Generated by org.testng.reporters.JUnitReportReporter -->
<testsuite hostname="DESKTOP-CF2460A" name="firstlesson.AppTest" tests="1" failures="0" timestamp="22 Sep 2017 18:10:07 GMT" time="0.001" errors="0">
  <testcase name="testApp" time="0.001" classname="firstlesson.AppTest"/>
</testsuite> <!-- firstlesson.AppTest -->
